[2021-03-03 21:00:00] local.ERROR: file_put_contents(/usr/share/nginx/html/daducha/daducha_git/storage/framework/sessions/E2amGVWrR0qJzfos81D3AfuyBlByB1YA7oHgp3hE): failed to open stream: No such file or directory {"exception":"[object] (ErrorException(code: 0): file_put_contents(/usr/share/nginx/html/daducha/daducha_git/storage/framework/sessions/E2amGVWrR0qJzfos81D3AfuyBlByB1YA7oHgp3hE): failed to open stream: No such file or directory at /usr/share/nginx/html/daducha_git/vendor/laravel/framework/src/Illuminate/Filesystem/Filesystem.php:133)
[stacktrace]
#0 [internal function]: Illuminate\\Foundation\\Bootstrap\\HandleExceptions->handleError()
#1 /usr/share/nginx/html/daducha_git/vendor/laravel/framework/src/Illuminate/Filesystem/Filesystem.php(133): file_put_contents()
#2 /usr/share/nginx/html/daducha_git/vendor/laravel/framework/src/Illuminate/Session/FileSessionHandler.php(83): Illuminate\\Filesystem\\Filesystem->put()
#3 /usr/share/nginx/html/daducha_git/vendor/laravel/framework/src/Illuminate/Session/Store.php(129): Illuminate\\Session\\FileSessionHandler->write()
#4 /usr/share/nginx/html/daducha_git/vendor/laravel/framework/src/Illuminate/Session/Middleware/StartSession.php(231): Illuminate\\Session\\Store->save()
#5 /usr/share/nginx/html/daducha_git/vendor/laravel/framework/src/Illuminate/Session/Middleware/StartSession.php(125): Illuminate\\Session\\Middleware\\StartSession->saveSession()
#6 /usr/share/nginx/html/daducha_git/vendor/laravel/framework/src/Illuminate/Session/Middleware/StartSession.php(62): Illuminate\\Session\\Middleware\\StartSession->handleStatefulRequest()
#7 /usr/share/nginx/html/daducha_git/vendor/laravel/framework/src/Illuminate/Pipeline/Pipeline.php(167): Illuminate\\Session\\Middleware\\StartSession->handle()
#8 /usr/share/nginx/html/daducha_git/vendor/laravel/framework/src/Illuminate/Cookie/Middleware/AddQueuedCookiesToResponse.php(37): Illuminate\\Pipeline\\Pipeline->Illuminate\\Pipeline\\{closure}()
#9 /usr/share/nginx/html/daducha_git/vendor/laravel/framework/src/Illuminate/Pipeline/Pipeline.php(167): Illuminate\\Cookie\\Middleware\\AddQueuedCookiesToResponse->handle()
#10 /usr/share/nginx/html/daducha_git/vendor/laravel/framework/src/Illuminate/Cookie/Middleware/EncryptCookies.php(66): Illuminate\\Pipeline\\Pipeline->Illuminate\\Pipeline\\{closure}()
#11 /usr/share/nginx/html/daducha_git/vendor/laravel/framework/src/Illuminate/Pipeline/Pipeline.php(167): Illuminate\\Cookie\\Middleware\\EncryptCookies->handle()
#12 /usr/share/nginx/html/daducha_git/vendor/laravel/framework/src/Illuminate/Pipeline/Pipeline.php(103): Illuminate\\Pipeline\\Pipeline->Illuminate\\Pipeline\\{closure}()
#13 /usr/share/nginx/html/daducha_git/vendor/laravel/framework/src/Illuminate/Routing/Router.php(687): Illuminate\\Pipeline\\Pipeline->then()
#14 /usr/share/nginx/html/daducha_git/vendor/laravel/framework/src/Illuminate/Routing/Router.php(662): Illuminate\\Routing\\Router->runRouteWithinStack()
#15 /usr/share/nginx/html/daducha_git/vendor/laravel/framework/src/Illuminate/Routing/Router.php(628): Illuminate\\Routing\\Router->runRoute()
#16 /usr/share/nginx/html/daducha_git/vendor/laravel/framework/src/Illuminate/Routing/Router.php(617): Illuminate\\Routing\\Router->dispatchToRoute()
#17 /usr/share/nginx/html/daducha_git/vendor/laravel/framework/src/Illuminate/Foundation/Http/Kernel.php(165): Illuminate\\Routing\\Router->dispatch()
#18 /usr/share/nginx/html/daducha_git/vendor/laravel/framework/src/Illuminate/Pipeline/Pipeline.php(128): Illuminate\\Foundation\\Http\\Kernel->Illuminate\\Foundation\\Http\\{closure}()
#19 /usr/share/nginx/html/daducha_git/vendor/laravel/framework/src/Illuminate/Foundation/Http/Middleware/TransformsRequest.php(21): Illuminate\\Pipeline\\Pipeline->Illuminate\\Pipeline\\{closure}()
#20 /usr/share/nginx/html/daducha_git/vendor/laravel/framework/src/Illuminate/Pipeline/Pipeline.php(167): Illuminate\\Foundation\\Http\\Middleware\\TransformsRequest->handle()
#21 /usr/share/nginx/html/daducha_git/vendor/laravel/framework/src/Illuminate/Foundation/Http/Middleware/TransformsRequest.php(21): Illuminate\\Pipeline\\Pipeline->Illuminate\\Pipeline\\{closure}()
#22 /usr/share/nginx/html/daducha_git/vendor/laravel/framework/src/Illuminate/Pipeline/Pipeline.php(167): Illuminate\\Foundation\\Http\\Middleware\\TransformsRequest->handle()
#23 /usr/share/nginx/html/daducha_git/vendor/laravel/framework/src/Illuminate/Foundation/Http/Middleware/ValidatePostSize.php(27): Illuminate\\Pipeline\\Pipeline->Illuminate\\Pipeline\\{closure}()
#24 /usr/share/nginx/html/daducha_git/vendor/laravel/framework/src/Illuminate/Pipeline/Pipeline.php(167): Illuminate\\Foundation\\Http\\Middleware\\ValidatePostSize->handle()
#25 /usr/share/nginx/html/daducha_git/vendor/laravel/framework/src/Illuminate/Foundation/Http/Middleware/CheckForMaintenanceMode.php(63): Illuminate\\Pipeline\\Pipeline->Illuminate\\Pipeline\\{closure}()
#26 /usr/share/nginx/html/daducha_git/vendor/laravel/framework/src/Illuminate/Pipeline/Pipeline.php(167): Illuminate\\Foundation\\Http\\Middleware\\CheckForMaintenanceMode->handle()
#27 /usr/share/nginx/html/daducha_git/vendor/fruitcake/laravel-cors/src/HandleCors.php(37): Illuminate\\Pipeline\\Pipeline->Illuminate\\Pipeline\\{closure}()
#28 /usr/share/nginx/html/daducha_git/vendor/laravel/framework/src/Illuminate/Pipeline/Pipeline.php(167): Fruitcake\\Cors\\HandleCors->handle()
#29 /usr/share/nginx/html/daducha_git/vendor/fideloper/proxy/src/TrustProxies.php(57): Illuminate\\Pipeline\\Pipeline->Illuminate\\Pipeline\\{closure}()
#30 /usr/share/nginx/html/daducha_git/vendor/laravel/framework/src/Illuminate/Pipeline/Pipeline.php(167): Fideloper\\Proxy\\TrustProxies->handle()
#31 /usr/share/nginx/html/daducha_git/vendor/laravel/framework/src/Illuminate/Pipeline/Pipeline.php(103): Illuminate\\Pipeline\\Pipeline->Illuminate\\Pipeline\\{closure}()
#32 /usr/share/nginx/html/daducha_git/vendor/laravel/framework/src/Illuminate/Foundation/Http/Kernel.php(140): Illuminate\\Pipeline\\Pipeline->then()
#33 /usr/share/nginx/html/daducha_git/vendor/laravel/framework/src/Illuminate/Foundation/Http/Kernel.php(109): Illuminate\\Foundation\\Http\\Kernel->sendRequestThroughRouter()
#34 /usr/share/nginx/html/daducha_git/public/index.php(55): Illuminate\\Foundation\\Http\\Kernel->handle()
#35 {main}
"} 
[2021-03-03 21:02:23] local.ERROR: symlink(): No such file or directory {"exception":"[object] (ErrorException(code: 0): symlink(): No such file or directory at /usr/share/nginx/html/daducha_git/vendor/laravel/framework/src/Illuminate/Filesystem/Filesystem.php:263)
[stacktrace]
#0 [internal function]: Illuminate\\Foundation\\Bootstrap\\HandleExceptions->handleError()
#1 /usr/share/nginx/html/daducha_git/vendor/laravel/framework/src/Illuminate/Filesystem/Filesystem.php(263): symlink()
#2 /usr/share/nginx/html/daducha_git/vendor/laravel/framework/src/Illuminate/Foundation/Console/StorageLinkCommand.php(40): Illuminate\\Filesystem\\Filesystem->link()
#3 [internal function]: Illuminate\\Foundation\\Console\\StorageLinkCommand->handle()
#4 /usr/share/nginx/html/daducha_git/vendor/laravel/framework/src/Illuminate/Container/BoundMethod.php(33): call_user_func_array()
#5 /usr/share/nginx/html/daducha_git/vendor/laravel/framework/src/Illuminate/Container/Util.php(36): Illuminate\\Container\\BoundMethod::Illuminate\\Container\\{closure}()
#6 /usr/share/nginx/html/daducha_git/vendor/laravel/framework/src/Illuminate/Container/BoundMethod.php(91): Illuminate\\Container\\Util::unwrapIfClosure()
#7 /usr/share/nginx/html/daducha_git/vendor/laravel/framework/src/Illuminate/Container/BoundMethod.php(35): Illuminate\\Container\\BoundMethod::callBoundMethod()
#8 /usr/share/nginx/html/daducha_git/vendor/laravel/framework/src/Illuminate/Container/Container.php(592): Illuminate\\Container\\BoundMethod::call()
#9 /usr/share/nginx/html/daducha_git/vendor/laravel/framework/src/Illuminate/Console/Command.php(134): Illuminate\\Container\\Container->call()
#10 /usr/share/nginx/html/daducha_git/vendor/symfony/console/Command/Command.php(255): Illuminate\\Console\\Command->execute()
#11 /usr/share/nginx/html/daducha_git/vendor/laravel/framework/src/Illuminate/Console/Command.php(121): Symfony\\Component\\Console\\Command\\Command->run()
#12 /usr/share/nginx/html/daducha_git/vendor/symfony/console/Application.php(912): Illuminate\\Console\\Command->run()
#13 /usr/share/nginx/html/daducha_git/vendor/symfony/console/Application.php(264): Symfony\\Component\\Console\\Application->doRunCommand()
#14 /usr/share/nginx/html/daducha_git/vendor/symfony/console/Application.php(140): Symfony\\Component\\Console\\Application->doRun()
#15 /usr/share/nginx/html/daducha_git/vendor/laravel/framework/src/Illuminate/Console/Application.php(93): Symfony\\Component\\Console\\Application->run()
#16 /usr/share/nginx/html/daducha_git/vendor/laravel/framework/src/Illuminate/Foundation/Console/Kernel.php(129): Illuminate\\Console\\Application->run()
#17 /usr/share/nginx/html/daducha_git/artisan(37): Illuminate\\Foundation\\Console\\Kernel->handle()
#18 {main}
"} 
[2021-03-03 21:03:43] local.ERROR: file_put_contents(/usr/share/nginx/html/daducha/daducha_git/storage/framework/sessions/g7eOEfQ6auf7qF2LIy8oKcKunMuCSI3qOaun8YQh): failed to open stream: No such file or directory {"exception":"[object] (ErrorException(code: 0): file_put_contents(/usr/share/nginx/html/daducha/daducha_git/storage/framework/sessions/g7eOEfQ6auf7qF2LIy8oKcKunMuCSI3qOaun8YQh): failed to open stream: No such file or directory at /usr/share/nginx/html/daducha_git/vendor/laravel/framework/src/Illuminate/Filesystem/Filesystem.php:133)
[stacktrace]
#0 [internal function]: Illuminate\\Foundation\\Bootstrap\\HandleExceptions->handleError()
#1 /usr/share/nginx/html/daducha_git/vendor/laravel/framework/src/Illuminate/Filesystem/Filesystem.php(133): file_put_contents()
#2 /usr/share/nginx/html/daducha_git/vendor/laravel/framework/src/Illuminate/Session/FileSessionHandler.php(83): Illuminate\\Filesystem\\Filesystem->put()
#3 /usr/share/nginx/html/daducha_git/vendor/laravel/framework/src/Illuminate/Session/Store.php(129): Illuminate\\Session\\FileSessionHandler->write()
#4 /usr/share/nginx/html/daducha_git/vendor/laravel/framework/src/Illuminate/Session/Middleware/StartSession.php(231): Illuminate\\Session\\Store->save()
#5 /usr/share/nginx/html/daducha_git/vendor/laravel/framework/src/Illuminate/Session/Middleware/StartSession.php(125): Illuminate\\Session\\Middleware\\StartSession->saveSession()
#6 /usr/share/nginx/html/daducha_git/vendor/laravel/framework/src/Illuminate/Session/Middleware/StartSession.php(62): Illuminate\\Session\\Middleware\\StartSession->handleStatefulRequest()
#7 /usr/share/nginx/html/daducha_git/vendor/laravel/framework/src/Illuminate/Pipeline/Pipeline.php(167): Illuminate\\Session\\Middleware\\StartSession->handle()
#8 /usr/share/nginx/html/daducha_git/vendor/laravel/framework/src/Illuminate/Cookie/Middleware/AddQueuedCookiesToResponse.php(37): Illuminate\\Pipeline\\Pipeline->Illuminate\\Pipeline\\{closure}()
#9 /usr/share/nginx/html/daducha_git/vendor/laravel/framework/src/Illuminate/Pipeline/Pipeline.php(167): Illuminate\\Cookie\\Middleware\\AddQueuedCookiesToResponse->handle()
#10 /usr/share/nginx/html/daducha_git/vendor/laravel/framework/src/Illuminate/Cookie/Middleware/EncryptCookies.php(66): Illuminate\\Pipeline\\Pipeline->Illuminate\\Pipeline\\{closure}()
#11 /usr/share/nginx/html/daducha_git/vendor/laravel/framework/src/Illuminate/Pipeline/Pipeline.php(167): Illuminate\\Cookie\\Middleware\\EncryptCookies->handle()
#12 /usr/share/nginx/html/daducha_git/vendor/laravel/framework/src/Illuminate/Pipeline/Pipeline.php(103): Illuminate\\Pipeline\\Pipeline->Illuminate\\Pipeline\\{closure}()
#13 /usr/share/nginx/html/daducha_git/vendor/laravel/framework/src/Illuminate/Routing/Router.php(687): Illuminate\\Pipeline\\Pipeline->then()
#14 /usr/share/nginx/html/daducha_git/vendor/laravel/framework/src/Illuminate/Routing/Router.php(662): Illuminate\\Routing\\Router->runRouteWithinStack()
#15 /usr/share/nginx/html/daducha_git/vendor/laravel/framework/src/Illuminate/Routing/Router.php(628): Illuminate\\Routing\\Router->runRoute()
#16 /usr/share/nginx/html/daducha_git/vendor/laravel/framework/src/Illuminate/Routing/Router.php(617): Illuminate\\Routing\\Router->dispatchToRoute()
#17 /usr/share/nginx/html/daducha_git/vendor/laravel/framework/src/Illuminate/Foundation/Http/Kernel.php(165): Illuminate\\Routing\\Router->dispatch()
#18 /usr/share/nginx/html/daducha_git/vendor/laravel/framework/src/Illuminate/Pipeline/Pipeline.php(128): Illuminate\\Foundation\\Http\\Kernel->Illuminate\\Foundation\\Http\\{closure}()
#19 /usr/share/nginx/html/daducha_git/vendor/laravel/framework/src/Illuminate/Foundation/Http/Middleware/TransformsRequest.php(21): Illuminate\\Pipeline\\Pipeline->Illuminate\\Pipeline\\{closure}()
#20 /usr/share/nginx/html/daducha_git/vendor/laravel/framework/src/Illuminate/Pipeline/Pipeline.php(167): Illuminate\\Foundation\\Http\\Middleware\\TransformsRequest->handle()
#21 /usr/share/nginx/html/daducha_git/vendor/laravel/framework/src/Illuminate/Foundation/Http/Middleware/TransformsRequest.php(21): Illuminate\\Pipeline\\Pipeline->Illuminate\\Pipeline\\{closure}()
#22 /usr/share/nginx/html/daducha_git/vendor/laravel/framework/src/Illuminate/Pipeline/Pipeline.php(167): Illuminate\\Foundation\\Http\\Middleware\\TransformsRequest->handle()
#23 /usr/share/nginx/html/daducha_git/vendor/laravel/framework/src/Illuminate/Foundation/Http/Middleware/ValidatePostSize.php(27): Illuminate\\Pipeline\\Pipeline->Illuminate\\Pipeline\\{closure}()
#24 /usr/share/nginx/html/daducha_git/vendor/laravel/framework/src/Illuminate/Pipeline/Pipeline.php(167): Illuminate\\Foundation\\Http\\Middleware\\ValidatePostSize->handle()
#25 /usr/share/nginx/html/daducha_git/vendor/laravel/framework/src/Illuminate/Foundation/Http/Middleware/CheckForMaintenanceMode.php(63): Illuminate\\Pipeline\\Pipeline->Illuminate\\Pipeline\\{closure}()
#26 /usr/share/nginx/html/daducha_git/vendor/laravel/framework/src/Illuminate/Pipeline/Pipeline.php(167): Illuminate\\Foundation\\Http\\Middleware\\CheckForMaintenanceMode->handle()
#27 /usr/share/nginx/html/daducha_git/vendor/fruitcake/laravel-cors/src/HandleCors.php(37): Illuminate\\Pipeline\\Pipeline->Illuminate\\Pipeline\\{closure}()
#28 /usr/share/nginx/html/daducha_git/vendor/laravel/framework/src/Illuminate/Pipeline/Pipeline.php(167): Fruitcake\\Cors\\HandleCors->handle()
#29 /usr/share/nginx/html/daducha_git/vendor/fideloper/proxy/src/TrustProxies.php(57): Illuminate\\Pipeline\\Pipeline->Illuminate\\Pipeline\\{closure}()
#30 /usr/share/nginx/html/daducha_git/vendor/laravel/framework/src/Illuminate/Pipeline/Pipeline.php(167): Fideloper\\Proxy\\TrustProxies->handle()
#31 /usr/share/nginx/html/daducha_git/vendor/laravel/framework/src/Illuminate/Pipeline/Pipeline.php(103): Illuminate\\Pipeline\\Pipeline->Illuminate\\Pipeline\\{closure}()
#32 /usr/share/nginx/html/daducha_git/vendor/laravel/framework/src/Illuminate/Foundation/Http/Kernel.php(140): Illuminate\\Pipeline\\Pipeline->then()
#33 /usr/share/nginx/html/daducha_git/vendor/laravel/framework/src/Illuminate/Foundation/Http/Kernel.php(109): Illuminate\\Foundation\\Http\\Kernel->sendRequestThroughRouter()
#34 /usr/share/nginx/html/daducha_git/public/index.php(55): Illuminate\\Foundation\\Http\\Kernel->handle()
#35 {main}
"} 
[2021-03-03 21:03:45] local.ERROR: file_put_contents(/usr/share/nginx/html/daducha/daducha_git/storage/framework/sessions/a2lAtW03jGbC1yzkY5TY9xijMSbyjNZn03qiLuKI): failed to open stream: No such file or directory {"exception":"[object] (ErrorException(code: 0): file_put_contents(/usr/share/nginx/html/daducha/daducha_git/storage/framework/sessions/a2lAtW03jGbC1yzkY5TY9xijMSbyjNZn03qiLuKI): failed to open stream: No such file or directory at /usr/share/nginx/html/daducha_git/vendor/laravel/framework/src/Illuminate/Filesystem/Filesystem.php:133)
[stacktrace]
#0 [internal function]: Illuminate\\Foundation\\Bootstrap\\HandleExceptions->handleError()
#1 /usr/share/nginx/html/daducha_git/vendor/laravel/framework/src/Illuminate/Filesystem/Filesystem.php(133): file_put_contents()
#2 /usr/share/nginx/html/daducha_git/vendor/laravel/framework/src/Illuminate/Session/FileSessionHandler.php(83): Illuminate\\Filesystem\\Filesystem->put()
#3 /usr/share/nginx/html/daducha_git/vendor/laravel/framework/src/Illuminate/Session/Store.php(129): Illuminate\\Session\\FileSessionHandler->write()
#4 /usr/share/nginx/html/daducha_git/vendor/laravel/framework/src/Illuminate/Session/Middleware/StartSession.php(231): Illuminate\\Session\\Store->save()
#5 /usr/share/nginx/html/daducha_git/vendor/laravel/framework/src/Illuminate/Session/Middleware/StartSession.php(125): Illuminate\\Session\\Middleware\\StartSession->saveSession()
#6 /usr/share/nginx/html/daducha_git/vendor/laravel/framework/src/Illuminate/Session/Middleware/StartSession.php(62): Illuminate\\Session\\Middleware\\StartSession->handleStatefulRequest()
#7 /usr/share/nginx/html/daducha_git/vendor/laravel/framework/src/Illuminate/Pipeline/Pipeline.php(167): Illuminate\\Session\\Middleware\\StartSession->handle()
#8 /usr/share/nginx/html/daducha_git/vendor/laravel/framework/src/Illuminate/Cookie/Middleware/AddQueuedCookiesToResponse.php(37): Illuminate\\Pipeline\\Pipeline->Illuminate\\Pipeline\\{closure}()
#9 /usr/share/nginx/html/daducha_git/vendor/laravel/framework/src/Illuminate/Pipeline/Pipeline.php(167): Illuminate\\Cookie\\Middleware\\AddQueuedCookiesToResponse->handle()
#10 /usr/share/nginx/html/daducha_git/vendor/laravel/framework/src/Illuminate/Cookie/Middleware/EncryptCookies.php(66): Illuminate\\Pipeline\\Pipeline->Illuminate\\Pipeline\\{closure}()
#11 /usr/share/nginx/html/daducha_git/vendor/laravel/framework/src/Illuminate/Pipeline/Pipeline.php(167): Illuminate\\Cookie\\Middleware\\EncryptCookies->handle()
#12 /usr/share/nginx/html/daducha_git/vendor/laravel/framework/src/Illuminate/Pipeline/Pipeline.php(103): Illuminate\\Pipeline\\Pipeline->Illuminate\\Pipeline\\{closure}()
#13 /usr/share/nginx/html/daducha_git/vendor/laravel/framework/src/Illuminate/Routing/Router.php(687): Illuminate\\Pipeline\\Pipeline->then()
#14 /usr/share/nginx/html/daducha_git/vendor/laravel/framework/src/Illuminate/Routing/Router.php(662): Illuminate\\Routing\\Router->runRouteWithinStack()
#15 /usr/share/nginx/html/daducha_git/vendor/laravel/framework/src/Illuminate/Routing/Router.php(628): Illuminate\\Routing\\Router->runRoute()
#16 /usr/share/nginx/html/daducha_git/vendor/laravel/framework/src/Illuminate/Routing/Router.php(617): Illuminate\\Routing\\Router->dispatchToRoute()
#17 /usr/share/nginx/html/daducha_git/vendor/laravel/framework/src/Illuminate/Foundation/Http/Kernel.php(165): Illuminate\\Routing\\Router->dispatch()
#18 /usr/share/nginx/html/daducha_git/vendor/laravel/framework/src/Illuminate/Pipeline/Pipeline.php(128): Illuminate\\Foundation\\Http\\Kernel->Illuminate\\Foundation\\Http\\{closure}()
#19 /usr/share/nginx/html/daducha_git/vendor/laravel/framework/src/Illuminate/Foundation/Http/Middleware/TransformsRequest.php(21): Illuminate\\Pipeline\\Pipeline->Illuminate\\Pipeline\\{closure}()
#20 /usr/share/nginx/html/daducha_git/vendor/laravel/framework/src/Illuminate/Pipeline/Pipeline.php(167): Illuminate\\Foundation\\Http\\Middleware\\TransformsRequest->handle()
#21 /usr/share/nginx/html/daducha_git/vendor/laravel/framework/src/Illuminate/Foundation/Http/Middleware/TransformsRequest.php(21): Illuminate\\Pipeline\\Pipeline->Illuminate\\Pipeline\\{closure}()
#22 /usr/share/nginx/html/daducha_git/vendor/laravel/framework/src/Illuminate/Pipeline/Pipeline.php(167): Illuminate\\Foundation\\Http\\Middleware\\TransformsRequest->handle()
#23 /usr/share/nginx/html/daducha_git/vendor/laravel/framework/src/Illuminate/Foundation/Http/Middleware/ValidatePostSize.php(27): Illuminate\\Pipeline\\Pipeline->Illuminate\\Pipeline\\{closure}()
#24 /usr/share/nginx/html/daducha_git/vendor/laravel/framework/src/Illuminate/Pipeline/Pipeline.php(167): Illuminate\\Foundation\\Http\\Middleware\\ValidatePostSize->handle()
#25 /usr/share/nginx/html/daducha_git/vendor/laravel/framework/src/Illuminate/Foundation/Http/Middleware/CheckForMaintenanceMode.php(63): Illuminate\\Pipeline\\Pipeline->Illuminate\\Pipeline\\{closure}()
#26 /usr/share/nginx/html/daducha_git/vendor/laravel/framework/src/Illuminate/Pipeline/Pipeline.php(167): Illuminate\\Foundation\\Http\\Middleware\\CheckForMaintenanceMode->handle()
#27 /usr/share/nginx/html/daducha_git/vendor/fruitcake/laravel-cors/src/HandleCors.php(37): Illuminate\\Pipeline\\Pipeline->Illuminate\\Pipeline\\{closure}()
#28 /usr/share/nginx/html/daducha_git/vendor/laravel/framework/src/Illuminate/Pipeline/Pipeline.php(167): Fruitcake\\Cors\\HandleCors->handle()
#29 /usr/share/nginx/html/daducha_git/vendor/fideloper/proxy/src/TrustProxies.php(57): Illuminate\\Pipeline\\Pipeline->Illuminate\\Pipeline\\{closure}()
#30 /usr/share/nginx/html/daducha_git/vendor/laravel/framework/src/Illuminate/Pipeline/Pipeline.php(167): Fideloper\\Proxy\\TrustProxies->handle()
#31 /usr/share/nginx/html/daducha_git/vendor/laravel/framework/src/Illuminate/Pipeline/Pipeline.php(103): Illuminate\\Pipeline\\Pipeline->Illuminate\\Pipeline\\{closure}()
#32 /usr/share/nginx/html/daducha_git/vendor/laravel/framework/src/Illuminate/Foundation/Http/Kernel.php(140): Illuminate\\Pipeline\\Pipeline->then()
#33 /usr/share/nginx/html/daducha_git/vendor/laravel/framework/src/Illuminate/Foundation/Http/Kernel.php(109): Illuminate\\Foundation\\Http\\Kernel->sendRequestThroughRouter()
#34 /usr/share/nginx/html/daducha_git/public/index.php(55): Illuminate\\Foundation\\Http\\Kernel->handle()
#35 {main}
"} 
